Chronologic VCS simulator copyright 1991-2014
Contains Synopsys proprietary information.
Compiler version I-2014.03; Runtime version I-2014.03;  Feb 13 17:19 2018
[41m[30m### cycle  0 ###[0m
[0mIF:      branch_i 0, baddr_i 0000[0m
[100m[30mIF-->ID: v 0
[100m[30mIF-->IM: addr 0000
[100m[30mIM-->ID: inst 00000000, origaddr 0000[0m
ID<->RF: rd_reserve 0, rd_name 0, rs_name 0,
         rd_data 00000000, rs_data 00000000, rd_r 0, rs_r 0
[100m[30mID-->EX: v 0, src 00000000, dest 00000000, cc 000,
[100m[30m         wb 0, wb_rd_name 0, dopc 000000000000, opc 0000000, origaddr 0000[0m
[100m[30mEX-->RF: wb 0, wb_rd_name 0, wb_rd_data 00000000[0m
ID-->DM: dm_addr 0000
EX<->DM: w 0, write 00000000, read 00000000
[100m[30mSTALL:   idif 0, exid 0[0m
Regs:    00000000 00000000 00000000 00000000 00000000 00000000 00000000 00000000
         00000000 00000000 00000000 00000000 00000000 00000000 00000000 00000000
Status:  000000
DATA:    00000000000000000000000000000000000000
JDATA:   10000000000000000
[41m[30m### cycle  1 ###[0m
[0mIF:      branch_i 0, baddr_i 0000[0m
[0mIF-->ID: v 1
[0mIF-->IM: addr 0001
[0mIM-->ID: inst 01000001, origaddr 0000[0m
ID<->RF: rd_reserve 1, rd_name 0, rs_name 0,
         rd_data 00000000, rs_data 00000000, rd_r 0, rs_r 0
[100m[30mID-->EX: v 0, src 00000000, dest 00000000, cc 000,
[100m[30m         wb 1, wb_rd_name 0, dopc 100000000000, opc 0000000, origaddr 0000[0m
[100m[30mEX-->RF: wb 0, wb_rd_name 0, wb_rd_data 00000000[0m
ID-->DM: dm_addr 0000
EX<->DM: w 0, write 00000000, read 00000001
[100m[30mSTALL:   idif 0, exid 0[0m
Regs:    00000000 00000000 00000000 00000000 00000000 00000000 00000000 00000000
         00000000 00000000 00000000 00000000 00000000 00000000 00000000 00000000
Status:  000000
DATA:    00000000000000000000000000000000100000
JDATA:   10000000000000000
[41m[30m### cycle  2 ###[0m
[0mIF:      branch_i 0, baddr_i 0000[0m
[0mIF-->ID: v 1
[0mIF-->IM: addr 0002
[0mIM-->ID: inst 01000010, origaddr 0001[0m
ID<->RF: rd_reserve 0, rd_name 0, rs_name 0,
         rd_data 00000000, rs_data 00000000, rd_r 1, rs_r 1
[0mID-->EX: v 1, src 00000001, dest 00000000, cc 000,
[0m         wb 1, wb_rd_name 0, dopc 100000000000, opc 0000000, origaddr 0000[0m
[100m[30mEX-->RF: wb 0, wb_rd_name 0, wb_rd_data 00000000[0m
ID-->DM: dm_addr 0001
EX<->DM: w 0, write 00000000, read 00000001
[46m[30mSTALL:   idif 1, exid 0[0m
Regs:    00000000 00000000 00000000 00000000 00000000 00000000 00000000 00000000
         00000000 00000000 00000000 00000000 00000000 00000000 00000000 00000000
Status:  100000
DATA:    00000000000000000000000000000001010000
JDATA:   10000000000000000
[41m[30m### cycle  3 ###[0m
[0mIF:      branch_i 0, baddr_i 0000[0m
[100m[30mIF-->ID: v 0
[100m[30mIF-->IM: addr 0001
[100m[30mIM-->ID: inst 01000100, origaddr 0002[0m
ID<->RF: rd_reserve 0, rd_name 0, rs_name 0,
         rd_data 00000000, rs_data 00000000, rd_r 1, rs_r 1
[100m[30mID-->EX: v 0, src 00000010, dest 00000000, cc 000,
[100m[30m         wb 1, wb_rd_name 0, dopc 100000000000, opc 0000000, origaddr 0001[0m
[0mEX-->RF: wb 1, wb_rd_name 0, wb_rd_data 00000001[0m
ID-->DM: dm_addr 0010
EX<->DM: w 0, write 00000000, read 00000010
[100m[30mSTALL:   idif 0, exid 0[0m
Regs:    00000000 00000000 00000000 00000000 00000000 00000000 00000000 00000000
         00000000 00000000 00000000 00000000 00000000 00000000 00000000 00000000
Status:  010000
DATA:    00000000000000000000000000010000010000
JDATA:   10000000000000000
[41m[30m### cycle  4 ###[0m
[0mIF:      branch_i 0, baddr_i 0000[0m
[0mIF-->ID: v 1
[0mIF-->IM: addr 0002
[0mIM-->ID: inst 01000010, origaddr 0001[0m
ID<->RF: rd_reserve 1, rd_name 0, rs_name 0,
         rd_data 00000001, rs_data 00000001, rd_r 0, rs_r 0
[100m[30mID-->EX: v 0, src 00000100, dest 00000000, cc 000,
[100m[30m         wb 1, wb_rd_name 0, dopc 100000000000, opc 0000000, origaddr 0002[0m
[100m[30mEX-->RF: wb 0, wb_rd_name 0, wb_rd_data 00000010[0m
ID-->DM: dm_addr 0100
EX<->DM: w 0, write 00000000, read xxxxxxxx
[100m[30mSTALL:   idif 0, exid 0[0m
Regs:    00000001 00000000 00000000 00000000 00000000 00000000 00000000 00000000
         00000000 00000000 00000000 00000000 00000000 00000000 00000000 00000000
Status:  010000
DATA:    00000000000000000000000100000000010000
JDATA:   10000000000000000
[41m[30m### cycle  5 ###[0m
[0mIF:      branch_i 0, baddr_i 0000[0m
[0mIF-->ID: v 1
[0mIF-->IM: addr 0003
[0mIM-->ID: inst 01000100, origaddr 0002[0m
ID<->RF: rd_reserve 0, rd_name 0, rs_name 0,
         rd_data 00000001, rs_data 00000001, rd_r 1, rs_r 1
[0mID-->EX: v 1, src 00000010, dest 00000001, cc 000,
[0m         wb 1, wb_rd_name 0, dopc 100000000000, opc 0000000, origaddr 0001[0m
[100m[30mEX-->RF: wb 0, wb_rd_name 0, wb_rd_data 00000100[0m
ID-->DM: dm_addr 0011
EX<->DM: w 0, write 00000001, read xxxxxxxx
[46m[30mSTALL:   idif 1, exid 0[0m
Regs:    00000001 00000000 00000000 00000000 00000000 00000000 00000000 00000000
         00000000 00000000 00000000 00000000 00000000 00000000 00000000 00000000
Status:  010000
DATA:    00000000000000000000000000010001010000
JDATA:   10000000000000000
[41m[30m### cycle  6 ###[0m
[0mIF:      branch_i 0, baddr_i 0000[0m
[100m[30mIF-->ID: v 0
[100m[30mIF-->IM: addr 0002
[100m[30mIM-->ID: inst 01001000, origaddr 0003[0m
ID<->RF: rd_reserve 0, rd_name 0, rs_name 0,
         rd_data 00000001, rs_data 00000001, rd_r 1, rs_r 1
[100m[30mID-->EX: v 0, src 00000100, dest 00000001, cc 000,
[100m[30m         wb 1, wb_rd_name 0, dopc 100000000000, opc 0000000, origaddr 0002[0m
[0mEX-->RF: wb 1, wb_rd_name 0, wb_rd_data 00000011[0m
ID-->DM: dm_addr 0101
EX<->DM: w 0, write 00000001, read xxxxxxxx
[100m[30mSTALL:   idif 0, exid 0[0m
Regs:    00000001 00000000 00000000 00000000 00000000 00000000 00000000 00000000
         00000000 00000000 00000000 00000000 00000000 00000000 00000000 00000000
Status:  010000
DATA:    00000000000000000000000100000001010000
JDATA:   10000000000000000
[41m[30m### cycle  7 ###[0m
[0mIF:      branch_i 0, baddr_i 0000[0m
[0mIF-->ID: v 1
[0mIF-->IM: addr 0003
[0mIM-->ID: inst 01000100, origaddr 0002[0m
ID<->RF: rd_reserve 1, rd_name 0, rs_name 0,
         rd_data 00000011, rs_data 00000011, rd_r 0, rs_r 0
[100m[30mID-->EX: v 0, src 00001000, dest 00000001, cc 000,
[100m[30m         wb 1, wb_rd_name 0, dopc 100000000000, opc 0000000, origaddr 0003[0m
[100m[30mEX-->RF: wb 0, wb_rd_name 0, wb_rd_data 00000101[0m
ID-->DM: dm_addr 1001
EX<->DM: w 0, write 00000001, read xxxxxxxx
[100m[30mSTALL:   idif 0, exid 0[0m
Regs:    00000011 00000000 00000000 00000000 00000000 00000000 00000000 00000000
         00000000 00000000 00000000 00000000 00000000 00000000 00000000 00000000
Status:  010000
DATA:    00000000000000000001000000000001010000
JDATA:   10000000000000000
[41m[30m### cycle  8 ###[0m
[0mIF:      branch_i 0, baddr_i 0000[0m
[0mIF-->ID: v 1
[0mIF-->IM: addr 0004
[0mIM-->ID: inst 01001000, origaddr 0003[0m
ID<->RF: rd_reserve 0, rd_name 0, rs_name 0,
         rd_data 00000011, rs_data 00000011, rd_r 1, rs_r 1
[0mID-->EX: v 1, src 00000100, dest 00000011, cc 000,
[0m         wb 1, wb_rd_name 0, dopc 100000000000, opc 0000000, origaddr 0002[0m
[100m[30mEX-->RF: wb 0, wb_rd_name 0, wb_rd_data 00001001[0m
ID-->DM: dm_addr 0111
EX<->DM: w 0, write 00000011, read xxxxxxxx
[46m[30mSTALL:   idif 1, exid 0[0m
Regs:    00000011 00000000 00000000 00000000 00000000 00000000 00000000 00000000
         00000000 00000000 00000000 00000000 00000000 00000000 00000000 00000000
Status:  010000
DATA:    00000000000000000000000100010001010000
JDATA:   10000000000000000
[41m[30m### cycle  9 ###[0m
[0mIF:      branch_i 0, baddr_i 0000[0m
[100m[30mIF-->ID: v 0
[100m[30mIF-->IM: addr 0003
[100m[30mIM-->ID: inst 01000001, origaddr 0004[0m
ID<->RF: rd_reserve 0, rd_name 0, rs_name 0,
         rd_data 00000011, rs_data 00000011, rd_r 1, rs_r 1
[100m[30mID-->EX: v 0, src 00001000, dest 00000011, cc 000,
[100m[30m         wb 1, wb_rd_name 0, dopc 100000000000, opc 0000000, origaddr 0003[0m
[0mEX-->RF: wb 1, wb_rd_name 0, wb_rd_data 00000111[0m
ID-->DM: dm_addr 1011
EX<->DM: w 0, write 00000011, read xxxxxxxx
[100m[30mSTALL:   idif 0, exid 0[0m
Regs:    00000011 00000000 00000000 00000000 00000000 00000000 00000000 00000000
         00000000 00000000 00000000 00000000 00000000 00000000 00000000 00000000
Status:  010000
DATA:    00000000000000000001000000010001010000
JDATA:   10000000000000000
[41m[30m### cycle 10 ###[0m
[0mIF:      branch_i 0, baddr_i 0000[0m
[0mIF-->ID: v 1
[0mIF-->IM: addr 0004
[0mIM-->ID: inst 01001000, origaddr 0003[0m
ID<->RF: rd_reserve 1, rd_name 0, rs_name 0,
         rd_data 00000111, rs_data 00000111, rd_r 0, rs_r 0
[100m[30mID-->EX: v 0, src 00000001, dest 00000011, cc 000,
[100m[30m         wb 1, wb_rd_name 0, dopc 100000000000, opc 0000000, origaddr 0004[0m
[100m[30mEX-->RF: wb 0, wb_rd_name 0, wb_rd_data 00001011[0m
ID-->DM: dm_addr 0012
EX<->DM: w 0, write 00000011, read xxxxxxxx
[100m[30mSTALL:   idif 0, exid 0[0m
Regs:    00000111 00000000 00000000 00000000 00000000 00000000 00000000 00000000
         00000000 00000000 00000000 00000000 00000000 00000000 00000000 00000000
Status:  010000
DATA:    00000000000000000000000000010010010000
JDATA:   10000000000000000
[41m[30m### cycle 11 ###[0m
[0mIF:      branch_i 0, baddr_i 0000[0m
[0mIF-->ID: v 1
[0mIF-->IM: addr 0005
[0mIM-->ID: inst 01000001, origaddr 0004[0m
ID<->RF: rd_reserve 0, rd_name 0, rs_name 0,
         rd_data 00000111, rs_data 00000111, rd_r 1, rs_r 1
[0mID-->EX: v 1, src 00001000, dest 00000111, cc 000,
[0m         wb 1, wb_rd_name 0, dopc 100000000000, opc 0000000, origaddr 0003[0m
[100m[30mEX-->RF: wb 0, wb_rd_name 0, wb_rd_data 00000012[0m
ID-->DM: dm_addr 1111
EX<->DM: w 0, write 00000111, read xxxxxxxx
[46m[30mSTALL:   idif 1, exid 0[0m
Regs:    00000111 00000000 00000000 00000000 00000000 00000000 00000000 00000000
         00000000 00000000 00000000 00000000 00000000 00000000 00000000 00000000
Status:  010000
DATA:    00000000000000000001000100010001010000
JDATA:   10000000000000000
[41m[30m### cycle 12 ###[0m
[0mIF:      branch_i 0, baddr_i 0000[0m
[100m[30mIF-->ID: v 0
[100m[30mIF-->IM: addr 0004
[100m[30mIM-->ID: inst 01000010, origaddr 0005[0m
ID<->RF: rd_reserve 0, rd_name 0, rs_name 0,
         rd_data 00000111, rs_data 00000111, rd_r 1, rs_r 1
[100m[30mID-->EX: v 0, src 00000001, dest 00000111, cc 000,
[100m[30m         wb 1, wb_rd_name 0, dopc 100000000000, opc 0000000, origaddr 0004[0m
[0mEX-->RF: wb 1, wb_rd_name 0, wb_rd_data 00001111[0m
ID-->DM: dm_addr 0112
EX<->DM: w 0, write 00000111, read xxxxxxxx
[100m[30mSTALL:   idif 0, exid 0[0m
Regs:    00000111 00000000 00000000 00000000 00000000 00000000 00000000 00000000
         00000000 00000000 00000000 00000000 00000000 00000000 00000000 00000000
Status:  010000
DATA:    00000000000000000000000100010010010000
JDATA:   10000000000000000
[41m[30m### cycle 13 ###[0m
[0mIF:      branch_i 0, baddr_i 0000[0m
[0mIF-->ID: v 1
[0mIF-->IM: addr 0005
[0mIM-->ID: inst 01000001, origaddr 0004[0m
ID<->RF: rd_reserve 1, rd_name 0, rs_name 0,
         rd_data 00001111, rs_data 00001111, rd_r 0, rs_r 0
[100m[30mID-->EX: v 0, src 00000010, dest 00000111, cc 000,
[100m[30m         wb 1, wb_rd_name 0, dopc 100000000000, opc 0000000, origaddr 0005[0m
[100m[30mEX-->RF: wb 0, wb_rd_name 0, wb_rd_data 00000112[0m
ID-->DM: dm_addr 0121
EX<->DM: w 0, write 00000111, read xxxxxxxx
[100m[30mSTALL:   idif 0, exid 0[0m
Regs:    00001111 00000000 00000000 00000000 00000000 00000000 00000000 00000000
         00000000 00000000 00000000 00000000 00000000 00000000 00000000 00000000
Status:  010000
DATA:    00000000000000000000000100100001010000
JDATA:   10000000000000000
[41m[30m### cycle 14 ###[0m
[0mIF:      branch_i 0, baddr_i 0000[0m
[0mIF-->ID: v 1
[0mIF-->IM: addr 0006
[0mIM-->ID: inst 01000010, origaddr 0005[0m
ID<->RF: rd_reserve 0, rd_name 0, rs_name 0,
         rd_data 00001111, rs_data 00001111, rd_r 1, rs_r 1
[0mID-->EX: v 1, src 00000001, dest 00001111, cc 000,
[0m         wb 1, wb_rd_name 0, dopc 100000000000, opc 0000000, origaddr 0004[0m
[100m[30mEX-->RF: wb 0, wb_rd_name 0, wb_rd_data 00000121[0m
ID-->DM: dm_addr 1112
EX<->DM: w 0, write 00001111, read xxxxxxxx
[46m[30mSTALL:   idif 1, exid 0[0m
Regs:    00001111 00000000 00000000 00000000 00000000 00000000 00000000 00000000
         00000000 00000000 00000000 00000000 00000000 00000000 00000000 00000000
Status:  010000
DATA:    00000000000000000001000100010010010000
JDATA:   10000000000000000
[41m[30m### cycle 15 ###[0m
[0mIF:      branch_i 0, baddr_i 0000[0m
[100m[30mIF-->ID: v 0
[100m[30mIF-->IM: addr 0005
[100m[30mIM-->ID: inst 01000100, origaddr 0006[0m
ID<->RF: rd_reserve 0, rd_name 0, rs_name 0,
         rd_data 00001111, rs_data 00001111, rd_r 1, rs_r 1
[100m[30mID-->EX: v 0, src 00000010, dest 00001111, cc 000,
[100m[30m         wb 1, wb_rd_name 0, dopc 100000000000, opc 0000000, origaddr 0005[0m
[0mEX-->RF: wb 1, wb_rd_name 0, wb_rd_data 00001112[0m
ID-->DM: dm_addr 1121
EX<->DM: w 0, write 00001111, read xxxxxxxx
[100m[30mSTALL:   idif 0, exid 0[0m
Regs:    00001111 00000000 00000000 00000000 00000000 00000000 00000000 00000000
         00000000 00000000 00000000 00000000 00000000 00000000 00000000 00000000
Status:  010000
DATA:    00000000000000000001000100100001010000
JDATA:   10000000000000000
[41m[30m### cycle 16 ###[0m
[0mIF:      branch_i 0, baddr_i 0000[0m
[0mIF-->ID: v 1
[0mIF-->IM: addr 0006
[0mIM-->ID: inst 01000010, origaddr 0005[0m
ID<->RF: rd_reserve 1, rd_name 0, rs_name 0,
         rd_data 00001112, rs_data 00001112, rd_r 0, rs_r 0
[100m[30mID-->EX: v 0, src 00000100, dest 00001111, cc 000,
[100m[30m         wb 1, wb_rd_name 0, dopc 100000000000, opc 0000000, origaddr 0006[0m
[100m[30mEX-->RF: wb 0, wb_rd_name 0, wb_rd_data 00001121[0m
ID-->DM: dm_addr 1211
EX<->DM: w 0, write 00001111, read xxxxxxxx
[100m[30mSTALL:   idif 0, exid 0[0m
Regs:    00001112 00000000 00000000 00000000 00000000 00000000 00000000 00000000
         00000000 00000000 00000000 00000000 00000000 00000000 00000000 00000000
Status:  010000
DATA:    00000000000000000001001000010001010000
JDATA:   10000000000000000
[41m[30m### cycle 17 ###[0m
[0mIF:      branch_i 0, baddr_i 0000[0m
[0mIF-->ID: v 1
[0mIF-->IM: addr 0007
[0mIM-->ID: inst 01000100, origaddr 0006[0m
ID<->RF: rd_reserve 0, rd_name 0, rs_name 0,
         rd_data 00001112, rs_data 00001112, rd_r 1, rs_r 1
[0mID-->EX: v 1, src 00000010, dest 00001112, cc 000,
[0m         wb 1, wb_rd_name 0, dopc 100000000000, opc 0000000, origaddr 0005[0m
[100m[30mEX-->RF: wb 0, wb_rd_name 0, wb_rd_data 00001211[0m
ID-->DM: dm_addr 1122
EX<->DM: w 0, write 00001112, read xxxxxxxx
[46m[30mSTALL:   idif 1, exid 0[0m
Regs:    00001112 00000000 00000000 00000000 00000000 00000000 00000000 00000000
         00000000 00000000 00000000 00000000 00000000 00000000 00000000 00000000
Status:  010000
DATA:    00000000000000000001000100100010010000
JDATA:   10000000000000000
[41m[30m### cycle 18 ###[0m
[0mIF:      branch_i 0, baddr_i 0000[0m
[100m[30mIF-->ID: v 0
[100m[30mIF-->IM: addr 0006
[100m[30mIM-->ID: inst 01001000, origaddr 0007[0m
ID<->RF: rd_reserve 0, rd_name 0, rs_name 0,
         rd_data 00001112, rs_data 00001112, rd_r 1, rs_r 1
[100m[30mID-->EX: v 0, src 00000100, dest 00001112, cc 000,
[100m[30m         wb 1, wb_rd_name 0, dopc 100000000000, opc 0000000, origaddr 0006[0m
[0mEX-->RF: wb 1, wb_rd_name 0, wb_rd_data 00001122[0m
ID-->DM: dm_addr 1212
EX<->DM: w 0, write 00001112, read xxxxxxxx
[100m[30mSTALL:   idif 0, exid 0[0m
Regs:    00001112 00000000 00000000 00000000 00000000 00000000 00000000 00000000
         00000000 00000000 00000000 00000000 00000000 00000000 00000000 00000000
Status:  010000
DATA:    00000000000000000001001000010010010000
JDATA:   10000000000000000
[41m[30m### cycle 19 ###[0m
[0mIF:      branch_i 0, baddr_i 0000[0m
[0mIF-->ID: v 1
[0mIF-->IM: addr 0007
[0mIM-->ID: inst 01000100, origaddr 0006[0m
ID<->RF: rd_reserve 1, rd_name 0, rs_name 0,
         rd_data 00001122, rs_data 00001122, rd_r 0, rs_r 0
[100m[30mID-->EX: v 0, src 00001000, dest 00001112, cc 000,
[100m[30m         wb 1, wb_rd_name 0, dopc 100000000000, opc 0000000, origaddr 0007[0m
[100m[30mEX-->RF: wb 0, wb_rd_name 0, wb_rd_data 00001212[0m
ID-->DM: dm_addr 2112
EX<->DM: w 0, write 00001112, read xxxxxxxx
[100m[30mSTALL:   idif 0, exid 0[0m
Regs:    00001122 00000000 00000000 00000000 00000000 00000000 00000000 00000000
         00000000 00000000 00000000 00000000 00000000 00000000 00000000 00000000
Status:  010000
DATA:    00000000000000000010000100010010010000
JDATA:   10000000000000000
[41m[30m### cycle 20 ###[0m
[0mIF:      branch_i 0, baddr_i 0000[0m
[0mIF-->ID: v 1
[0mIF-->IM: addr 0008
[0mIM-->ID: inst 01001000, origaddr 0007[0m
ID<->RF: rd_reserve 0, rd_name 0, rs_name 0,
         rd_data 00001122, rs_data 00001122, rd_r 1, rs_r 1
[0mID-->EX: v 1, src 00000100, dest 00001122, cc 000,
[0m         wb 1, wb_rd_name 0, dopc 100000000000, opc 0000000, origaddr 0006[0m
[100m[30mEX-->RF: wb 0, wb_rd_name 0, wb_rd_data 00002112[0m
ID-->DM: dm_addr 1222
EX<->DM: w 0, write 00001122, read xxxxxxxx
[46m[30mSTALL:   idif 1, exid 0[0m
Regs:    00001122 00000000 00000000 00000000 00000000 00000000 00000000 00000000
         00000000 00000000 00000000 00000000 00000000 00000000 00000000 00000000
Status:  010000
DATA:    00000000000000000001001000100010010000
JDATA:   10000000000000000
[41m[30m### cycle 21 ###[0m
[0mIF:      branch_i 0, baddr_i 0000[0m
[100m[30mIF-->ID: v 0
[100m[30mIF-->IM: addr 0007
[100m[30mIM-->ID: inst 01000001, origaddr 0008[0m
ID<->RF: rd_reserve 0, rd_name 0, rs_name 0,
         rd_data 00001122, rs_data 00001122, rd_r 1, rs_r 1
[100m[30mID-->EX: v 0, src 00001000, dest 00001122, cc 000,
[100m[30m         wb 1, wb_rd_name 0, dopc 100000000000, opc 0000000, origaddr 0007[0m
[0mEX-->RF: wb 1, wb_rd_name 0, wb_rd_data 00001222[0m
ID-->DM: dm_addr 2122
EX<->DM: w 0, write 00001122, read xxxxxxxx
[100m[30mSTALL:   idif 0, exid 0[0m
Regs:    00001122 00000000 00000000 00000000 00000000 00000000 00000000 00000000
         00000000 00000000 00000000 00000000 00000000 00000000 00000000 00000000
Status:  010000
DATA:    00000000000000000010000100100010010000
JDATA:   10000000000000000
[41m[30m### cycle 22 ###[0m
[0mIF:      branch_i 0, baddr_i 0000[0m
[0mIF-->ID: v 1
[0mIF-->IM: addr 0008
[0mIM-->ID: inst 01001000, origaddr 0007[0m
ID<->RF: rd_reserve 1, rd_name 0, rs_name 0,
         rd_data 00001222, rs_data 00001222, rd_r 0, rs_r 0
[100m[30mID-->EX: v 0, src 00000001, dest 00001122, cc 000,
[100m[30m         wb 1, wb_rd_name 0, dopc 100000000000, opc 0000000, origaddr 0008[0m
[100m[30mEX-->RF: wb 0, wb_rd_name 0, wb_rd_data 00002122[0m
ID-->DM: dm_addr 1123
EX<->DM: w 0, write 00001122, read xxxxxxxx
[100m[30mSTALL:   idif 0, exid 0[0m
Regs:    00001222 00000000 00000000 00000000 00000000 00000000 00000000 00000000
         00000000 00000000 00000000 00000000 00000000 00000000 00000000 00000000
Status:  010000
DATA:    00000000000000000001000100100011010000
JDATA:   10000000000000000
[41m[30m### cycle 23 ###[0m
[0mIF:      branch_i 0, baddr_i 0000[0m
[0mIF-->ID: v 1
[0mIF-->IM: addr 0009
[0mIM-->ID: inst 01000001, origaddr 0008[0m
ID<->RF: rd_reserve 0, rd_name 0, rs_name 0,
         rd_data 00001222, rs_data 00001222, rd_r 1, rs_r 1
[0mID-->EX: v 1, src 00001000, dest 00001222, cc 000,
[0m         wb 1, wb_rd_name 0, dopc 100000000000, opc 0000000, origaddr 0007[0m
[100m[30mEX-->RF: wb 0, wb_rd_name 0, wb_rd_data 00001123[0m
ID-->DM: dm_addr 2222
EX<->DM: w 0, write 00001222, read xxxxxxxx
[46m[30mSTALL:   idif 1, exid 0[0m
Regs:    00001222 00000000 00000000 00000000 00000000 00000000 00000000 00000000
         00000000 00000000 00000000 00000000 00000000 00000000 00000000 00000000
Status:  010000
DATA:    00000000000000000010001000100010010000
JDATA:   10000000000000000
[41m[30m### cycle 24 ###[0m
[0mIF:      branch_i 0, baddr_i 0000[0m
[100m[30mIF-->ID: v 0
[100m[30mIF-->IM: addr 0008
[100m[30mIM-->ID: inst 01000010, origaddr 0009[0m
ID<->RF: rd_reserve 0, rd_name 0, rs_name 0,
         rd_data 00001222, rs_data 00001222, rd_r 1, rs_r 1
[100m[30mID-->EX: v 0, src 00000001, dest 00001222, cc 000,
[100m[30m         wb 1, wb_rd_name 0, dopc 100000000000, opc 0000000, origaddr 0008[0m
[0mEX-->RF: wb 1, wb_rd_name 0, wb_rd_data 00002222[0m
ID-->DM: dm_addr 1223
EX<->DM: w 0, write 00001222, read xxxxxxxx
[100m[30mSTALL:   idif 0, exid 0[0m
Regs:    00001222 00000000 00000000 00000000 00000000 00000000 00000000 00000000
         00000000 00000000 00000000 00000000 00000000 00000000 00000000 00000000
Status:  010000
DATA:    00000000000000000001001000100011010000
JDATA:   10000000000000000
[41m[30m### cycle 25 ###[0m
[0mIF:      branch_i 0, baddr_i 0000[0m
[0mIF-->ID: v 1
[0mIF-->IM: addr 0009
[0mIM-->ID: inst 01000001, origaddr 0008[0m
ID<->RF: rd_reserve 1, rd_name 0, rs_name 0,
         rd_data 00002222, rs_data 00002222, rd_r 0, rs_r 0
[100m[30mID-->EX: v 0, src 00000010, dest 00001222, cc 000,
[100m[30m         wb 1, wb_rd_name 0, dopc 100000000000, opc 0000000, origaddr 0009[0m
[100m[30mEX-->RF: wb 0, wb_rd_name 0, wb_rd_data 00001223[0m
ID-->DM: dm_addr 1232
EX<->DM: w 0, write 00001222, read xxxxxxxx
[100m[30mSTALL:   idif 0, exid 0[0m
Regs:    00002222 00000000 00000000 00000000 00000000 00000000 00000000 00000000
         00000000 00000000 00000000 00000000 00000000 00000000 00000000 00000000
Status:  010000
DATA:    00000000000000000001001000110010010000
JDATA:   10000000000000000
[41m[30m### cycle 26 ###[0m
[0mIF:      branch_i 0, baddr_i 0000[0m
[0mIF-->ID: v 1
[0mIF-->IM: addr 000a
[0mIM-->ID: inst 01000010, origaddr 0009[0m
ID<->RF: rd_reserve 0, rd_name 0, rs_name 0,
         rd_data 00002222, rs_data 00002222, rd_r 1, rs_r 1
[0mID-->EX: v 1, src 00000001, dest 00002222, cc 000,
[0m         wb 1, wb_rd_name 0, dopc 100000000000, opc 0000000, origaddr 0008[0m
[100m[30mEX-->RF: wb 0, wb_rd_name 0, wb_rd_data 00001232[0m
ID-->DM: dm_addr 2223
EX<->DM: w 0, write 00002222, read xxxxxxxx
[46m[30mSTALL:   idif 1, exid 0[0m
Regs:    00002222 00000000 00000000 00000000 00000000 00000000 00000000 00000000
         00000000 00000000 00000000 00000000 00000000 00000000 00000000 00000000
Status:  010000
DATA:    00000000000000000010001000100011010000
JDATA:   10000000000000000
[41m[30m### cycle 27 ###[0m
[0mIF:      branch_i 0, baddr_i 0000[0m
[100m[30mIF-->ID: v 0
[100m[30mIF-->IM: addr 0009
[100m[30mIM-->ID: inst 01000100, origaddr 000a[0m
ID<->RF: rd_reserve 0, rd_name 0, rs_name 0,
         rd_data 00002222, rs_data 00002222, rd_r 1, rs_r 1
[100m[30mID-->EX: v 0, src 00000010, dest 00002222, cc 000,
[100m[30m         wb 1, wb_rd_name 0, dopc 100000000000, opc 0000000, origaddr 0009[0m
[0mEX-->RF: wb 1, wb_rd_name 0, wb_rd_data 00002223[0m
ID-->DM: dm_addr 2232
EX<->DM: w 0, write 00002222, read xxxxxxxx
[100m[30mSTALL:   idif 0, exid 0[0m
Regs:    00002222 00000000 00000000 00000000 00000000 00000000 00000000 00000000
         00000000 00000000 00000000 00000000 00000000 00000000 00000000 00000000
Status:  010000
DATA:    00000000000000000010001000110010010000
JDATA:   10000000000000000
[41m[30m### cycle 28 ###[0m
[0mIF:      branch_i 0, baddr_i 0000[0m
[0mIF-->ID: v 1
[0mIF-->IM: addr 000a
[0mIM-->ID: inst 01000010, origaddr 0009[0m
ID<->RF: rd_reserve 1, rd_name 0, rs_name 0,
         rd_data 00002223, rs_data 00002223, rd_r 0, rs_r 0
[100m[30mID-->EX: v 0, src 00000100, dest 00002222, cc 000,
[100m[30m         wb 1, wb_rd_name 0, dopc 100000000000, opc 0000000, origaddr 000a[0m
[100m[30mEX-->RF: wb 0, wb_rd_name 0, wb_rd_data 00002232[0m
ID-->DM: dm_addr 2322
EX<->DM: w 0, write 00002222, read xxxxxxxx
[100m[30mSTALL:   idif 0, exid 0[0m
Regs:    00002223 00000000 00000000 00000000 00000000 00000000 00000000 00000000
         00000000 00000000 00000000 00000000 00000000 00000000 00000000 00000000
Status:  010000
DATA:    00000000000000000010001100100010010000
JDATA:   10000000000000000
[41m[30m### cycle 29 ###[0m
[0mIF:      branch_i 0, baddr_i 0000[0m
[0mIF-->ID: v 1
[0mIF-->IM: addr 000b
[0mIM-->ID: inst 01000100, origaddr 000a[0m
ID<->RF: rd_reserve 0, rd_name 0, rs_name 0,
         rd_data 00002223, rs_data 00002223, rd_r 1, rs_r 1
[0mID-->EX: v 1, src 00000010, dest 00002223, cc 000,
[0m         wb 1, wb_rd_name 0, dopc 100000000000, opc 0000000, origaddr 0009[0m
[100m[30mEX-->RF: wb 0, wb_rd_name 0, wb_rd_data 00002322[0m
ID-->DM: dm_addr 2233
EX<->DM: w 0, write 00002223, read xxxxxxxx
[46m[30mSTALL:   idif 1, exid 0[0m
Regs:    00002223 00000000 00000000 00000000 00000000 00000000 00000000 00000000
         00000000 00000000 00000000 00000000 00000000 00000000 00000000 00000000
Status:  010000
DATA:    00000000000000000010001000110011010000
JDATA:   10000000000000000
[41m[30m### cycle 30 ###[0m
[0mIF:      branch_i 0, baddr_i 0000[0m
[100m[30mIF-->ID: v 0
[100m[30mIF-->IM: addr 000a
[100m[30mIM-->ID: inst 01001000, origaddr 000b[0m
ID<->RF: rd_reserve 0, rd_name 0, rs_name 0,
         rd_data 00002223, rs_data 00002223, rd_r 1, rs_r 1
[100m[30mID-->EX: v 0, src 00000100, dest 00002223, cc 000,
[100m[30m         wb 1, wb_rd_name 0, dopc 100000000000, opc 0000000, origaddr 000a[0m
[0mEX-->RF: wb 1, wb_rd_name 0, wb_rd_data 00002233[0m
ID-->DM: dm_addr 2323
EX<->DM: w 0, write 00002223, read xxxxxxxx
[100m[30mSTALL:   idif 0, exid 0[0m
Regs:    00002223 00000000 00000000 00000000 00000000 00000000 00000000 00000000
         00000000 00000000 00000000 00000000 00000000 00000000 00000000 00000000
Status:  010000
DATA:    00000000000000000010001100100011010000
JDATA:   10000000000000000
[41m[30m### cycle 31 ###[0m
[0mIF:      branch_i 0, baddr_i 0000[0m
[0mIF-->ID: v 1
[0mIF-->IM: addr 000b
[0mIM-->ID: inst 01000100, origaddr 000a[0m
ID<->RF: rd_reserve 1, rd_name 0, rs_name 0,
         rd_data 00002233, rs_data 00002233, rd_r 0, rs_r 0
[100m[30mID-->EX: v 0, src 00001000, dest 00002223, cc 000,
[100m[30m         wb 1, wb_rd_name 0, dopc 100000000000, opc 0000000, origaddr 000b[0m
[100m[30mEX-->RF: wb 0, wb_rd_name 0, wb_rd_data 00002323[0m
ID-->DM: dm_addr 3223
EX<->DM: w 0, write 00002223, read xxxxxxxx
[100m[30mSTALL:   idif 0, exid 0[0m
Regs:    00002233 00000000 00000000 00000000 00000000 00000000 00000000 00000000
         00000000 00000000 00000000 00000000 00000000 00000000 00000000 00000000
Status:  010000
DATA:    00000000000000000011001000100011010000
JDATA:   10000000000000000
[41m[30m### cycle 32 ###[0m
[0mIF:      branch_i 0, baddr_i 0000[0m
[0mIF-->ID: v 1
[0mIF-->IM: addr 000c
[0mIM-->ID: inst 01001000, origaddr 000b[0m
ID<->RF: rd_reserve 0, rd_name 0, rs_name 0,
         rd_data 00002233, rs_data 00002233, rd_r 1, rs_r 1
[0mID-->EX: v 1, src 00000100, dest 00002233, cc 000,
[0m         wb 1, wb_rd_name 0, dopc 100000000000, opc 0000000, origaddr 000a[0m
[100m[30mEX-->RF: wb 0, wb_rd_name 0, wb_rd_data 00003223[0m
ID-->DM: dm_addr 2333
EX<->DM: w 0, write 00002233, read xxxxxxxx
[46m[30mSTALL:   idif 1, exid 0[0m
Regs:    00002233 00000000 00000000 00000000 00000000 00000000 00000000 00000000
         00000000 00000000 00000000 00000000 00000000 00000000 00000000 00000000
Status:  010000
DATA:    00000000000000000010001100110011010000
JDATA:   10000000000000000
[41m[30m### cycle 33 ###[0m
[0mIF:      branch_i 0, baddr_i 0000[0m
[100m[30mIF-->ID: v 0
[100m[30mIF-->IM: addr 000b
[100m[30mIM-->ID: inst 01000001, origaddr 000c[0m
ID<->RF: rd_reserve 0, rd_name 0, rs_name 0,
         rd_data 00002233, rs_data 00002233, rd_r 1, rs_r 1
[100m[30mID-->EX: v 0, src 00001000, dest 00002233, cc 000,
[100m[30m         wb 1, wb_rd_name 0, dopc 100000000000, opc 0000000, origaddr 000b[0m
[0mEX-->RF: wb 1, wb_rd_name 0, wb_rd_data 00002333[0m
ID-->DM: dm_addr 3233
EX<->DM: w 0, write 00002233, read xxxxxxxx
[100m[30mSTALL:   idif 0, exid 0[0m
Regs:    00002233 00000000 00000000 00000000 00000000 00000000 00000000 00000000
         00000000 00000000 00000000 00000000 00000000 00000000 00000000 00000000
Status:  010000
DATA:    00000000000000000011001000110011010000
JDATA:   10000000000000000
[41m[30m### cycle 34 ###[0m
[0mIF:      branch_i 0, baddr_i 0000[0m
[0mIF-->ID: v 1
[0mIF-->IM: addr 000c
[0mIM-->ID: inst 01001000, origaddr 000b[0m
ID<->RF: rd_reserve 1, rd_name 0, rs_name 0,
         rd_data 00002333, rs_data 00002333, rd_r 0, rs_r 0
[100m[30mID-->EX: v 0, src 00000001, dest 00002233, cc 000,
[100m[30m         wb 1, wb_rd_name 0, dopc 100000000000, opc 0000000, origaddr 000c[0m
[100m[30mEX-->RF: wb 0, wb_rd_name 0, wb_rd_data 00003233[0m
ID-->DM: dm_addr 2234
EX<->DM: w 0, write 00002233, read xxxxxxxx
[100m[30mSTALL:   idif 0, exid 0[0m
Regs:    00002333 00000000 00000000 00000000 00000000 00000000 00000000 00000000
         00000000 00000000 00000000 00000000 00000000 00000000 00000000 00000000
Status:  010000
DATA:    00000000000000000010001000110100010000
JDATA:   10000000000000000
[41m[30m### cycle 35 ###[0m
[0mIF:      branch_i 0, baddr_i 0000[0m
[0mIF-->ID: v 1
[0mIF-->IM: addr 000d
[0mIM-->ID: inst 01000001, origaddr 000c[0m
ID<->RF: rd_reserve 0, rd_name 0, rs_name 0,
         rd_data 00002333, rs_data 00002333, rd_r 1, rs_r 1
[0mID-->EX: v 1, src 00001000, dest 00002333, cc 000,
[0m         wb 1, wb_rd_name 0, dopc 100000000000, opc 0000000, origaddr 000b[0m
[100m[30mEX-->RF: wb 0, wb_rd_name 0, wb_rd_data 00002234[0m
ID-->DM: dm_addr 3333
EX<->DM: w 0, write 00002333, read xxxxxxxx
[46m[30mSTALL:   idif 1, exid 0[0m
Regs:    00002333 00000000 00000000 00000000 00000000 00000000 00000000 00000000
         00000000 00000000 00000000 00000000 00000000 00000000 00000000 00000000
Status:  010000
DATA:    00000000000000000011001100110011010000
JDATA:   10000000000000000
[41m[30m### cycle 36 ###[0m
[0mIF:      branch_i 0, baddr_i 0000[0m
[100m[30mIF-->ID: v 0
[100m[30mIF-->IM: addr 000c
[100m[30mIM-->ID: inst 01000010, origaddr 000d[0m
ID<->RF: rd_reserve 0, rd_name 0, rs_name 0,
         rd_data 00002333, rs_data 00002333, rd_r 1, rs_r 1
[100m[30mID-->EX: v 0, src 00000001, dest 00002333, cc 000,
[100m[30m         wb 1, wb_rd_name 0, dopc 100000000000, opc 0000000, origaddr 000c[0m
[0mEX-->RF: wb 1, wb_rd_name 0, wb_rd_data 00003333[0m
ID-->DM: dm_addr 2334
EX<->DM: w 0, write 00002333, read xxxxxxxx
[100m[30mSTALL:   idif 0, exid 0[0m
Regs:    00002333 00000000 00000000 00000000 00000000 00000000 00000000 00000000
         00000000 00000000 00000000 00000000 00000000 00000000 00000000 00000000
Status:  010000
DATA:    00000000000000000010001100110100010000
JDATA:   10000000000000000
[41m[30m### cycle 37 ###[0m
[0mIF:      branch_i 0, baddr_i 0000[0m
[0mIF-->ID: v 1
[0mIF-->IM: addr 000d
[0mIM-->ID: inst 01000001, origaddr 000c[0m
ID<->RF: rd_reserve 1, rd_name 0, rs_name 0,
         rd_data 00003333, rs_data 00003333, rd_r 0, rs_r 0
[100m[30mID-->EX: v 0, src 00000010, dest 00002333, cc 000,
[100m[30m         wb 1, wb_rd_name 0, dopc 100000000000, opc 0000000, origaddr 000d[0m
[100m[30mEX-->RF: wb 0, wb_rd_name 0, wb_rd_data 00002334[0m
ID-->DM: dm_addr 2343
EX<->DM: w 0, write 00002333, read xxxxxxxx
[100m[30mSTALL:   idif 0, exid 0[0m
Regs:    00003333 00000000 00000000 00000000 00000000 00000000 00000000 00000000
         00000000 00000000 00000000 00000000 00000000 00000000 00000000 00000000
Status:  010000
DATA:    00000000000000000010001101000011010000
JDATA:   10000000000000000
[41m[30m### cycle 38 ###[0m
[0mIF:      branch_i 0, baddr_i 0000[0m
[0mIF-->ID: v 1
[0mIF-->IM: addr 000e
[0mIM-->ID: inst 01000010, origaddr 000d[0m
ID<->RF: rd_reserve 0, rd_name 0, rs_name 0,
         rd_data 00003333, rs_data 00003333, rd_r 1, rs_r 1
[0mID-->EX: v 1, src 00000001, dest 00003333, cc 000,
[0m         wb 1, wb_rd_name 0, dopc 100000000000, opc 0000000, origaddr 000c[0m
[100m[30mEX-->RF: wb 0, wb_rd_name 0, wb_rd_data 00002343[0m
ID-->DM: dm_addr 3334
EX<->DM: w 0, write 00003333, read xxxxxxxx
[46m[30mSTALL:   idif 1, exid 0[0m
Regs:    00003333 00000000 00000000 00000000 00000000 00000000 00000000 00000000
         00000000 00000000 00000000 00000000 00000000 00000000 00000000 00000000
Status:  010000
DATA:    00000000000000000011001100110100010000
JDATA:   10000000000000000
[41m[30m### cycle 39 ###[0m
[0mIF:      branch_i 0, baddr_i 0000[0m
[100m[30mIF-->ID: v 0
[100m[30mIF-->IM: addr 000d
[100m[30mIM-->ID: inst 01000100, origaddr 000e[0m
ID<->RF: rd_reserve 0, rd_name 0, rs_name 0,
         rd_data 00003333, rs_data 00003333, rd_r 1, rs_r 1
[100m[30mID-->EX: v 0, src 00000010, dest 00003333, cc 000,
[100m[30m         wb 1, wb_rd_name 0, dopc 100000000000, opc 0000000, origaddr 000d[0m
[0mEX-->RF: wb 1, wb_rd_name 0, wb_rd_data 00003334[0m
ID-->DM: dm_addr 3343
EX<->DM: w 0, write 00003333, read xxxxxxxx
[100m[30mSTALL:   idif 0, exid 0[0m
Regs:    00003333 00000000 00000000 00000000 00000000 00000000 00000000 00000000
         00000000 00000000 00000000 00000000 00000000 00000000 00000000 00000000
Status:  010000
DATA:    00000000000000000011001101000011010000
JDATA:   10000000000000000
[41m[30m### cycle 40 ###[0m
[0mIF:      branch_i 0, baddr_i 0000[0m
[0mIF-->ID: v 1
[0mIF-->IM: addr 000e
[0mIM-->ID: inst 01000010, origaddr 000d[0m
ID<->RF: rd_reserve 1, rd_name 0, rs_name 0,
         rd_data 00003334, rs_data 00003334, rd_r 0, rs_r 0
[100m[30mID-->EX: v 0, src 00000100, dest 00003333, cc 000,
[100m[30m         wb 1, wb_rd_name 0, dopc 100000000000, opc 0000000, origaddr 000e[0m
[100m[30mEX-->RF: wb 0, wb_rd_name 0, wb_rd_data 00003343[0m
ID-->DM: dm_addr 3433
EX<->DM: w 0, write 00003333, read xxxxxxxx
[100m[30mSTALL:   idif 0, exid 0[0m
Regs:    00003334 00000000 00000000 00000000 00000000 00000000 00000000 00000000
         00000000 00000000 00000000 00000000 00000000 00000000 00000000 00000000
Status:  010000
DATA:    00000000000000000011010000110011010000
JDATA:   10000000000000000
[41m[30m### cycle 41 ###[0m
[0mIF:      branch_i 0, baddr_i 0000[0m
[0mIF-->ID: v 1
[0mIF-->IM: addr 000f
[0mIM-->ID: inst 01000100, origaddr 000e[0m
ID<->RF: rd_reserve 0, rd_name 0, rs_name 0,
         rd_data 00003334, rs_data 00003334, rd_r 1, rs_r 1
[0mID-->EX: v 1, src 00000010, dest 00003334, cc 000,
[0m         wb 1, wb_rd_name 0, dopc 100000000000, opc 0000000, origaddr 000d[0m
[100m[30mEX-->RF: wb 0, wb_rd_name 0, wb_rd_data 00003433[0m
ID-->DM: dm_addr 3344
EX<->DM: w 0, write 00003334, read xxxxxxxx
[46m[30mSTALL:   idif 1, exid 0[0m
Regs:    00003334 00000000 00000000 00000000 00000000 00000000 00000000 00000000
         00000000 00000000 00000000 00000000 00000000 00000000 00000000 00000000
Status:  010000
DATA:    00000000000000000011001101000100010000
JDATA:   10000000000000000
[41m[30m### cycle 42 ###[0m
[0mIF:      branch_i 0, baddr_i 0000[0m
[100m[30mIF-->ID: v 0
[100m[30mIF-->IM: addr 000e
[100m[30mIM-->ID: inst 01001000, origaddr 000f[0m
ID<->RF: rd_reserve 0, rd_name 0, rs_name 0,
         rd_data 00003334, rs_data 00003334, rd_r 1, rs_r 1
[100m[30mID-->EX: v 0, src 00000100, dest 00003334, cc 000,
[100m[30m         wb 1, wb_rd_name 0, dopc 100000000000, opc 0000000, origaddr 000e[0m
[0mEX-->RF: wb 1, wb_rd_name 0, wb_rd_data 00003344[0m
ID-->DM: dm_addr 3434
EX<->DM: w 0, write 00003334, read xxxxxxxx
[100m[30mSTALL:   idif 0, exid 0[0m
Regs:    00003334 00000000 00000000 00000000 00000000 00000000 00000000 00000000
         00000000 00000000 00000000 00000000 00000000 00000000 00000000 00000000
Status:  010000
DATA:    00000000000000000011010000110100010000
JDATA:   10000000000000000
[41m[30m### cycle 43 ###[0m
[0mIF:      branch_i 0, baddr_i 0000[0m
[0mIF-->ID: v 1
[0mIF-->IM: addr 000f
[0mIM-->ID: inst 01000100, origaddr 000e[0m
ID<->RF: rd_reserve 1, rd_name 0, rs_name 0,
         rd_data 00003344, rs_data 00003344, rd_r 0, rs_r 0
[100m[30mID-->EX: v 0, src 00001000, dest 00003334, cc 000,
[100m[30m         wb 1, wb_rd_name 0, dopc 100000000000, opc 0000000, origaddr 000f[0m
[100m[30mEX-->RF: wb 0, wb_rd_name 0, wb_rd_data 00003434[0m
ID-->DM: dm_addr 4334
EX<->DM: w 0, write 00003334, read xxxxxxxx
[100m[30mSTALL:   idif 0, exid 0[0m
Regs:    00003344 00000000 00000000 00000000 00000000 00000000 00000000 00000000
         00000000 00000000 00000000 00000000 00000000 00000000 00000000 00000000
Status:  010000
DATA:    00000000000000000100001100110100010000
JDATA:   10000000000000000
[41m[30m### cycle 44 ###[0m
[0mIF:      branch_i 0, baddr_i 0000[0m
[0mIF-->ID: v 1
[0mIF-->IM: addr 0010
[0mIM-->ID: inst 01001000, origaddr 000f[0m
ID<->RF: rd_reserve 0, rd_name 0, rs_name 0,
         rd_data 00003344, rs_data 00003344, rd_r 1, rs_r 1
[0mID-->EX: v 1, src 00000100, dest 00003344, cc 000,
[0m         wb 1, wb_rd_name 0, dopc 100000000000, opc 0000000, origaddr 000e[0m
[100m[30mEX-->RF: wb 0, wb_rd_name 0, wb_rd_data 00004334[0m
ID-->DM: dm_addr 3444
EX<->DM: w 0, write 00003344, read xxxxxxxx
[46m[30mSTALL:   idif 1, exid 0[0m
Regs:    00003344 00000000 00000000 00000000 00000000 00000000 00000000 00000000
         00000000 00000000 00000000 00000000 00000000 00000000 00000000 00000000
Status:  010000
DATA:    00000000000000000011010001000100010000
JDATA:   10000000000000000
[41m[30m### cycle 45 ###[0m
[0mIF:      branch_i 0, baddr_i 0000[0m
[100m[30mIF-->ID: v 0
[100m[30mIF-->IM: addr 000f
[100m[30mIM-->ID: inst xxxxxxxx, origaddr 0010[0m
ID<->RF: rd_reserve 0, rd_name x, rs_name x,
         rd_data 00003344, rs_data 00003344, rd_r 1, rs_r 1
[100m[30mID-->EX: v 0, src 00001000, dest 00003344, cc 000,
[100m[30m         wb 1, wb_rd_name 0, dopc 100000000000, opc 0000000, origaddr 000f[0m
[0mEX-->RF: wb 1, wb_rd_name 0, wb_rd_data 00003444[0m
ID-->DM: dm_addr 4344
EX<->DM: w 0, write 00003344, read xxxxxxxx
[100m[30mSTALL:   idif 0, exid 0[0m
Regs:    00003344 00000000 00000000 00000000 00000000 00000000 00000000 00000000
         00000000 00000000 00000000 00000000 00000000 00000000 00000000 00000000
Status:  010000
DATA:    00000000000000000100001101000100010000
JDATA:   10000000000000000
[41m[30m### cycle 46 ###[0m
[0mIF:      branch_i 0, baddr_i 0000[0m
[0mIF-->ID: v 1
[0mIF-->IM: addr 0010
[0mIM-->ID: inst 01001000, origaddr 000f[0m
ID<->RF: rd_reserve 1, rd_name 0, rs_name 0,
         rd_data 00003444, rs_data 00003444, rd_r 0, rs_r 0
[100m[30mID-->EX: v 0, src 00003344, dest 00003344, cc xxx,
[100m[30m         wb 1, wb_rd_name x, dopc 000000000000, opc xxxxxxx, origaddr 0010[0m
[100m[30mEX-->RF: wb 0, wb_rd_name 0, wb_rd_data 00004344[0m
ID-->DM: dm_addr xxxx
EX<->DM: w 0, write 00003344, read xxxxxxxx
[100m[30mSTALL:   idif 0, exid 0[0m
Regs:    00003444 00000000 00000000 00000000 00000000 00000000 00000000 00000000
         00000000 00000000 00000000 00000000 00000000 00000000 00000000 00000000
Status:  010000
DATA:    00000000000000000000000000000000000000
JDATA:   x0000000000000000
[41m[30m### cycle 47 ###[0m
[0mIF:      branch_i 0, baddr_i 0000[0m
[0mIF-->ID: v 1
[0mIF-->IM: addr 0011
[0mIM-->ID: inst xxxxxxxx, origaddr 0010[0m
ID<->RF: rd_reserve 0, rd_name x, rs_name x,
         rd_data 00003444, rs_data 00003444, rd_r 1, rs_r 1
[0mID-->EX: v 1, src 00001000, dest 00003444, cc 000,
[0m         wb 1, wb_rd_name 0, dopc 100000000000, opc 0000000, origaddr 000f[0m
[100m[30mEX-->RF: wb 0, wb_rd_name x, wb_rd_data 00000000[0m
ID-->DM: dm_addr 4444
EX<->DM: w 0, write 00003444, read xxxxxxxx
[46m[30mSTALL:   idif 1, exid 0[0m
Regs:    00003444 00000000 00000000 00000000 00000000 00000000 00000000 00000000
         00000000 00000000 00000000 00000000 00000000 00000000 00000000 00000000
Status:  000000
DATA:    00000000000000000100010001000100010000
JDATA:   10000000000000000
[41m[30m### cycle 48 ###[0m
[0mIF:      branch_i 0, baddr_i 0000[0m
[100m[30mIF-->ID: v 0
[100m[30mIF-->IM: addr 0010
[100m[30mIM-->ID: inst xxxxxxxx, origaddr 0011[0m
ID<->RF: rd_reserve 0, rd_name x, rs_name x,
         rd_data 00003444, rs_data 00003444, rd_r 1, rs_r 1
[100m[30mID-->EX: v 0, src 00003444, dest 00003444, cc xxx,
[100m[30m         wb 1, wb_rd_name x, dopc 000000000000, opc xxxxxxx, origaddr 0010[0m
[0mEX-->RF: wb 1, wb_rd_name 0, wb_rd_data 00004444[0m
ID-->DM: dm_addr xxxx
EX<->DM: w 0, write 00003444, read xxxxxxxx
[100m[30mSTALL:   idif 0, exid 0[0m
Regs:    00003444 00000000 00000000 00000000 00000000 00000000 00000000 00000000
         00000000 00000000 00000000 00000000 00000000 00000000 00000000 00000000
Status:  010000
DATA:    00000000000000000000000000000000000000
JDATA:   x0000000000000000
[41m[30m### cycle 49 ###[0m
[0mIF:      branch_i 0, baddr_i 0000[0m
[0mIF-->ID: v 1
[0mIF-->IM: addr 0011
[0mIM-->ID: inst xxxxxxxx, origaddr 0010[0m
ID<->RF: rd_reserve 1, rd_name x, rs_name x,
         rd_data 00003444, rs_data 00003444, rd_r 0, rs_r 0
[100m[30mID-->EX: v 0, src 00003444, dest 00003444, cc xxx,
[100m[30m         wb 1, wb_rd_name x, dopc 000000000000, opc xxxxxxx, origaddr 0011[0m
[100m[30mEX-->RF: wb 0, wb_rd_name x, wb_rd_data 00000000[0m
ID-->DM: dm_addr xxxx
EX<->DM: w 0, write 00003444, read xxxxxxxx
[100m[30mSTALL:   idif 0, exid 0[0m
Regs:    00004444 00000000 00000000 00000000 00000000 00000000 00000000 00000000
         00000000 00000000 00000000 00000000 00000000 00000000 00000000 00000000
Status:  000000
DATA:    00000000000000000000000000000000000000
JDATA:   x0000000000000000
[41m[30m### cycle 50 ###[0m
[0mIF:      branch_i 0, baddr_i 0000[0m
[0mIF-->ID: v 1
[0mIF-->IM: addr 0012
[0mIM-->ID: inst xxxxxxxx, origaddr 0011[0m
ID<->RF: rd_reserve 0, rd_name x, rs_name x,
         rd_data 00003444, rs_data 00003444, rd_r 1, rs_r 1
[0mID-->EX: v 1, src 00003444, dest 00003444, cc xxx,
[0m         wb 1, wb_rd_name x, dopc 000000000000, opc xxxxxxx, origaddr 0010[0m
[100m[30mEX-->RF: wb 0, wb_rd_name x, wb_rd_data 00000000[0m
ID-->DM: dm_addr xxxx
EX<->DM: w 0, write 00003444, read xxxxxxxx
[46m[30mSTALL:   idif 1, exid 0[0m
Regs:    00004444 00000000 00000000 00000000 00000000 00000000 00000000 00000000
         00000000 00000000 00000000 00000000 00000000 00000000 00000000 00000000
Status:  000000
DATA:    00000000000000000000000000000000000000
JDATA:   x0000000000000000
[41m[30m### cycle 51 ###[0m
[0mIF:      branch_i 0, baddr_i 0000[0m
[100m[30mIF-->ID: v 0
[100m[30mIF-->IM: addr 0011
[100m[30mIM-->ID: inst xxxxxxxx, origaddr 0012[0m
ID<->RF: rd_reserve 0, rd_name x, rs_name x,
         rd_data 00003444, rs_data 00003444, rd_r 1, rs_r 1
[100m[30mID-->EX: v 0, src 00003444, dest 00003444, cc xxx,
[100m[30m         wb 1, wb_rd_name x, dopc 000000000000, opc xxxxxxx, origaddr 0011[0m
[0mEX-->RF: wb 1, wb_rd_name x, wb_rd_data 00000000[0m
ID-->DM: dm_addr xxxx
EX<->DM: w 0, write 00003444, read xxxxxxxx
[100m[30mSTALL:   idif 0, exid 0[0m
Regs:    00004444 00000000 00000000 00000000 00000000 00000000 00000000 00000000
         00000000 00000000 00000000 00000000 00000000 00000000 00000000 00000000
Status:  000000
DATA:    00000000000000000000000000000000000000
JDATA:   x0000000000000000
[41m[30m### cycle 52 ###[0m
[0mIF:      branch_i 0, baddr_i 0000[0m
[0mIF-->ID: v 1
[0mIF-->IM: addr 0012
[0mIM-->ID: inst xxxxxxxx, origaddr 0011[0m
ID<->RF: rd_reserve 1, rd_name x, rs_name x,
         rd_data 00003444, rs_data 00003444, rd_r 0, rs_r 0
[100m[30mID-->EX: v 0, src 00003444, dest 00003444, cc xxx,
[100m[30m         wb 1, wb_rd_name x, dopc 000000000000, opc xxxxxxx, origaddr 0012[0m
[100m[30mEX-->RF: wb 0, wb_rd_name x, wb_rd_data 00000000[0m
ID-->DM: dm_addr xxxx
EX<->DM: w 0, write 00003444, read xxxxxxxx
[100m[30mSTALL:   idif 0, exid 0[0m
Regs:    00000000 00000000 00000000 00000000 00000000 00000000 00000000 00000000
         00000000 00000000 00000000 00000000 00000000 00000000 00000000 00000000
Status:  000000
DATA:    00000000000000000000000000000000000000
JDATA:   x0000000000000000
[41m[30m### cycle 53 ###[0m
[0mIF:      branch_i 0, baddr_i 0000[0m
[0mIF-->ID: v 1
[0mIF-->IM: addr 0013
[0mIM-->ID: inst xxxxxxxx, origaddr 0012[0m
ID<->RF: rd_reserve 0, rd_name x, rs_name x,
         rd_data 00003444, rs_data 00003444, rd_r 1, rs_r 1
[0mID-->EX: v 1, src 00003444, dest 00003444, cc xxx,
[0m         wb 1, wb_rd_name x, dopc 000000000000, opc xxxxxxx, origaddr 0011[0m
[100m[30mEX-->RF: wb 0, wb_rd_name x, wb_rd_data 00000000[0m
ID-->DM: dm_addr xxxx
EX<->DM: w 0, write 00003444, read xxxxxxxx
[46m[30mSTALL:   idif 1, exid 0[0m
Regs:    00000000 00000000 00000000 00000000 00000000 00000000 00000000 00000000
         00000000 00000000 00000000 00000000 00000000 00000000 00000000 00000000
Status:  000000
DATA:    00000000000000000000000000000000000000
JDATA:   x0000000000000000
[41m[30m### cycle 54 ###[0m
[0mIF:      branch_i 0, baddr_i 0000[0m
[100m[30mIF-->ID: v 0
[100m[30mIF-->IM: addr 0012
[100m[30mIM-->ID: inst xxxxxxxx, origaddr 0013[0m
ID<->RF: rd_reserve 0, rd_name x, rs_name x,
         rd_data 00003444, rs_data 00003444, rd_r 1, rs_r 1
[100m[30mID-->EX: v 0, src 00003444, dest 00003444, cc xxx,
[100m[30m         wb 1, wb_rd_name x, dopc 000000000000, opc xxxxxxx, origaddr 0012[0m
[0mEX-->RF: wb 1, wb_rd_name x, wb_rd_data 00000000[0m
ID-->DM: dm_addr xxxx
EX<->DM: w 0, write 00003444, read xxxxxxxx
[100m[30mSTALL:   idif 0, exid 0[0m
Regs:    00000000 00000000 00000000 00000000 00000000 00000000 00000000 00000000
         00000000 00000000 00000000 00000000 00000000 00000000 00000000 00000000
Status:  000000
DATA:    00000000000000000000000000000000000000
JDATA:   x0000000000000000
[41m[30m### cycle 55 ###[0m
[0mIF:      branch_i 0, baddr_i 0000[0m
[0mIF-->ID: v 1
[0mIF-->IM: addr 0013
[0mIM-->ID: inst xxxxxxxx, origaddr 0012[0m
ID<->RF: rd_reserve 1, rd_name x, rs_name x,
         rd_data 00003444, rs_data 00003444, rd_r 0, rs_r 0
[100m[30mID-->EX: v 0, src 00003444, dest 00003444, cc xxx,
[100m[30m         wb 1, wb_rd_name x, dopc 000000000000, opc xxxxxxx, origaddr 0013[0m
[100m[30mEX-->RF: wb 0, wb_rd_name x, wb_rd_data 00000000[0m
ID-->DM: dm_addr xxxx
EX<->DM: w 0, write 00003444, read xxxxxxxx
[100m[30mSTALL:   idif 0, exid 0[0m
Regs:    00000000 00000000 00000000 00000000 00000000 00000000 00000000 00000000
         00000000 00000000 00000000 00000000 00000000 00000000 00000000 00000000
Status:  000000
DATA:    00000000000000000000000000000000000000
JDATA:   x0000000000000000
[41m[30m### cycle 56 ###[0m
[0mIF:      branch_i 0, baddr_i 0000[0m
[0mIF-->ID: v 1
[0mIF-->IM: addr 0014
[0mIM-->ID: inst xxxxxxxx, origaddr 0013[0m
ID<->RF: rd_reserve 0, rd_name x, rs_name x,
         rd_data 00003444, rs_data 00003444, rd_r 1, rs_r 1
[0mID-->EX: v 1, src 00003444, dest 00003444, cc xxx,
[0m         wb 1, wb_rd_name x, dopc 000000000000, opc xxxxxxx, origaddr 0012[0m
[100m[30mEX-->RF: wb 0, wb_rd_name x, wb_rd_data 00000000[0m
ID-->DM: dm_addr xxxx
EX<->DM: w 0, write 00003444, read xxxxxxxx
[46m[30mSTALL:   idif 1, exid 0[0m
Regs:    00000000 00000000 00000000 00000000 00000000 00000000 00000000 00000000
         00000000 00000000 00000000 00000000 00000000 00000000 00000000 00000000
Status:  000000
DATA:    00000000000000000000000000000000000000
JDATA:   x0000000000000000
[41m[30m### cycle 57 ###[0m
[0mIF:      branch_i 0, baddr_i 0000[0m
[100m[30mIF-->ID: v 0
[100m[30mIF-->IM: addr 0013
[100m[30mIM-->ID: inst xxxxxxxx, origaddr 0014[0m
ID<->RF: rd_reserve 0, rd_name x, rs_name x,
         rd_data 00003444, rs_data 00003444, rd_r 1, rs_r 1
[100m[30mID-->EX: v 0, src 00003444, dest 00003444, cc xxx,
[100m[30m         wb 1, wb_rd_name x, dopc 000000000000, opc xxxxxxx, origaddr 0013[0m
[0mEX-->RF: wb 1, wb_rd_name x, wb_rd_data 00000000[0m
ID-->DM: dm_addr xxxx
EX<->DM: w 0, write 00003444, read xxxxxxxx
[100m[30mSTALL:   idif 0, exid 0[0m
Regs:    00000000 00000000 00000000 00000000 00000000 00000000 00000000 00000000
         00000000 00000000 00000000 00000000 00000000 00000000 00000000 00000000
Status:  000000
DATA:    00000000000000000000000000000000000000
JDATA:   x0000000000000000
[41m[30m### cycle 58 ###[0m
[0mIF:      branch_i 0, baddr_i 0000[0m
[0mIF-->ID: v 1
[0mIF-->IM: addr 0014
[0mIM-->ID: inst xxxxxxxx, origaddr 0013[0m
ID<->RF: rd_reserve 1, rd_name x, rs_name x,
         rd_data 00003444, rs_data 00003444, rd_r 0, rs_r 0
[100m[30mID-->EX: v 0, src 00003444, dest 00003444, cc xxx,
[100m[30m         wb 1, wb_rd_name x, dopc 000000000000, opc xxxxxxx, origaddr 0014[0m
[100m[30mEX-->RF: wb 0, wb_rd_name x, wb_rd_data 00000000[0m
ID-->DM: dm_addr xxxx
EX<->DM: w 0, write 00003444, read xxxxxxxx
[100m[30mSTALL:   idif 0, exid 0[0m
Regs:    00000000 00000000 00000000 00000000 00000000 00000000 00000000 00000000
         00000000 00000000 00000000 00000000 00000000 00000000 00000000 00000000
Status:  000000
DATA:    00000000000000000000000000000000000000
JDATA:   x0000000000000000
[41m[30m### cycle 59 ###[0m
[0mIF:      branch_i 0, baddr_i 0000[0m
[0mIF-->ID: v 1
[0mIF-->IM: addr 0015
[0mIM-->ID: inst xxxxxxxx, origaddr 0014[0m
ID<->RF: rd_reserve 0, rd_name x, rs_name x,
         rd_data 00003444, rs_data 00003444, rd_r 1, rs_r 1
[0mID-->EX: v 1, src 00003444, dest 00003444, cc xxx,
[0m         wb 1, wb_rd_name x, dopc 000000000000, opc xxxxxxx, origaddr 0013[0m
[100m[30mEX-->RF: wb 0, wb_rd_name x, wb_rd_data 00000000[0m
ID-->DM: dm_addr xxxx
EX<->DM: w 0, write 00003444, read xxxxxxxx
[46m[30mSTALL:   idif 1, exid 0[0m
Regs:    00000000 00000000 00000000 00000000 00000000 00000000 00000000 00000000
         00000000 00000000 00000000 00000000 00000000 00000000 00000000 00000000
Status:  000000
DATA:    00000000000000000000000000000000000000
JDATA:   x0000000000000000
[41m[30m### cycle 60 ###[0m
[0mIF:      branch_i 0, baddr_i 0000[0m
[100m[30mIF-->ID: v 0
[100m[30mIF-->IM: addr 0014
[100m[30mIM-->ID: inst xxxxxxxx, origaddr 0015[0m
ID<->RF: rd_reserve 0, rd_name x, rs_name x,
         rd_data 00003444, rs_data 00003444, rd_r 1, rs_r 1
[100m[30mID-->EX: v 0, src 00003444, dest 00003444, cc xxx,
[100m[30m         wb 1, wb_rd_name x, dopc 000000000000, opc xxxxxxx, origaddr 0014[0m
[0mEX-->RF: wb 1, wb_rd_name x, wb_rd_data 00000000[0m
ID-->DM: dm_addr xxxx
EX<->DM: w 0, write 00003444, read xxxxxxxx
[100m[30mSTALL:   idif 0, exid 0[0m
Regs:    00000000 00000000 00000000 00000000 00000000 00000000 00000000 00000000
         00000000 00000000 00000000 00000000 00000000 00000000 00000000 00000000
Status:  000000
DATA:    00000000000000000000000000000000000000
JDATA:   x0000000000000000
[41m[30m### cycle 61 ###[0m
[0mIF:      branch_i 0, baddr_i 0000[0m
[0mIF-->ID: v 1
[0mIF-->IM: addr 0015
[0mIM-->ID: inst xxxxxxxx, origaddr 0014[0m
ID<->RF: rd_reserve 1, rd_name x, rs_name x,
         rd_data 00003444, rs_data 00003444, rd_r 0, rs_r 0
[100m[30mID-->EX: v 0, src 00003444, dest 00003444, cc xxx,
[100m[30m         wb 1, wb_rd_name x, dopc 000000000000, opc xxxxxxx, origaddr 0015[0m
[100m[30mEX-->RF: wb 0, wb_rd_name x, wb_rd_data 00000000[0m
ID-->DM: dm_addr xxxx
EX<->DM: w 0, write 00003444, read xxxxxxxx
[100m[30mSTALL:   idif 0, exid 0[0m
Regs:    00000000 00000000 00000000 00000000 00000000 00000000 00000000 00000000
         00000000 00000000 00000000 00000000 00000000 00000000 00000000 00000000
Status:  000000
DATA:    00000000000000000000000000000000000000
JDATA:   x0000000000000000
[41m[30m### cycle 62 ###[0m
[0mIF:      branch_i 0, baddr_i 0000[0m
[0mIF-->ID: v 1
[0mIF-->IM: addr 0016
[0mIM-->ID: inst xxxxxxxx, origaddr 0015[0m
ID<->RF: rd_reserve 0, rd_name x, rs_name x,
         rd_data 00003444, rs_data 00003444, rd_r 1, rs_r 1
[0mID-->EX: v 1, src 00003444, dest 00003444, cc xxx,
[0m         wb 1, wb_rd_name x, dopc 000000000000, opc xxxxxxx, origaddr 0014[0m
[100m[30mEX-->RF: wb 0, wb_rd_name x, wb_rd_data 00000000[0m
ID-->DM: dm_addr xxxx
EX<->DM: w 0, write 00003444, read xxxxxxxx
[46m[30mSTALL:   idif 1, exid 0[0m
Regs:    00000000 00000000 00000000 00000000 00000000 00000000 00000000 00000000
         00000000 00000000 00000000 00000000 00000000 00000000 00000000 00000000
Status:  000000
DATA:    00000000000000000000000000000000000000
JDATA:   x0000000000000000
[41m[30m### cycle 63 ###[0m
[0mIF:      branch_i 0, baddr_i 0000[0m
[100m[30mIF-->ID: v 0
[100m[30mIF-->IM: addr 0015
[100m[30mIM-->ID: inst xxxxxxxx, origaddr 0016[0m
ID<->RF: rd_reserve 0, rd_name x, rs_name x,
         rd_data 00003444, rs_data 00003444, rd_r 1, rs_r 1
[100m[30mID-->EX: v 0, src 00003444, dest 00003444, cc xxx,
[100m[30m         wb 1, wb_rd_name x, dopc 000000000000, opc xxxxxxx, origaddr 0015[0m
[0mEX-->RF: wb 1, wb_rd_name x, wb_rd_data 00000000[0m
ID-->DM: dm_addr xxxx
EX<->DM: w 0, write 00003444, read xxxxxxxx
[100m[30mSTALL:   idif 0, exid 0[0m
Regs:    00000000 00000000 00000000 00000000 00000000 00000000 00000000 00000000
         00000000 00000000 00000000 00000000 00000000 00000000 00000000 00000000
Status:  000000
DATA:    00000000000000000000000000000000000000
JDATA:   x0000000000000000
$finish called from file "../test/test_run.v", line 36.
$finish at simulation time                 6410
           V C S   S i m u l a t i o n   R e p o r t 
Time: 641000 ps
CPU Time:      0.260 seconds;       Data structure size:   1.0Mb
Tue Feb 13 17:19:20 2018
